[0m13:07:30.278122 [debug] [MainThread]: Sending event: {'category': 'dbt', 'action': 'invocation', 'label': 'start', 'context': [<snowplow_tracker.self_describing_json.SelfDescribingJson object at 0x10705a080>, <snowplow_tracker.self_describing_json.SelfDescribingJson object at 0x10314fb20>, <snowplow_tracker.self_describing_json.SelfDescribingJson object at 0x1217547c0>]}


============================== 13:07:30.281102 | b3abfa1b-cc2c-41ad-b9a7-2e84ac2b0a0b ==============================
[0m13:07:30.281102 [info ] [MainThread]: Running with dbt=1.8.6
[0m13:07:30.281517 [debug] [MainThread]: running dbt with arguments {'printer_width': '80', 'indirect_selection': 'eager', 'write_json': 'True', 'log_cache_events': 'False', 'partial_parse': 'True', 'cache_selected_only': 'False', 'warn_error': 'None', 'debug': 'False', 'fail_fast': 'False', 'log_path': 'logs', 'version_check': 'True', 'profiles_dir': '/Users/esoonko/.dbt', 'use_colors': 'True', 'use_experimental_parser': 'False', 'empty': 'None', 'quiet': 'False', 'no_print': 'None', 'log_format': 'default', 'static_parser': 'True', 'invocation_command': 'dbt init de-ai23', 'warn_error_options': 'WarnErrorOptions(include=[], exclude=[])', 'target_path': 'None', 'introspect': 'True', 'send_anonymous_usage_stats': 'True'}
[0m13:07:42.493308 [debug] [MainThread]: Starter project path: /Users/esoonko/Code/DEAI23/Data-engineering-AI23/lectures/code/Lecture16/dbt-example/venv/lib/python3.10/site-packages/dbt/include/starter_project
[0m13:07:42.505191 [info ] [MainThread]: 
Your new dbt project "de_ai34" was created!

For more information on how to configure the profiles.yml file,
please consult the dbt documentation here:

  https://docs.getdbt.com/docs/configure-your-profile

One more thing:

Need help? Don't hesitate to reach out to us via GitHub issues or on Slack:

  https://community.getdbt.com/

Happy modeling!

[0m13:07:42.509763 [info ] [MainThread]: Setting up your profile.
[0m13:09:23.482343 [info ] [MainThread]: Profile de_ai34 written to /Users/esoonko/.dbt/profiles.yml using target's profile_template.yml and your supplied values. Run 'dbt debug' to validate the connection.
[0m13:09:24.079510 [debug] [MainThread]: Resource report: {"command_name": "init", "command_success": true, "command_wall_clock_time": 113.84056, "process_user_time": 0.96454, "process_kernel_time": 0.273673, "process_mem_max_rss": "171458560", "process_in_blocks": "0", "process_out_blocks": "0"}
[0m13:09:24.086620 [debug] [MainThread]: Command `dbt init` succeeded at 13:09:24.085888 after 113.85 seconds
[0m13:09:24.090366 [debug] [MainThread]: Sending event: {'category': 'dbt', 'action': 'invocation', 'label': 'end', 'context': [<snowplow_tracker.self_describing_json.SelfDescribingJson object at 0x10705a080>, <snowplow_tracker.self_describing_json.SelfDescribingJson object at 0x121754cd0>, <snowplow_tracker.self_describing_json.SelfDescribingJson object at 0x121756ec0>]}
[0m13:09:24.092562 [debug] [MainThread]: Flushing usage events
[0m12:54:34.767977 [debug] [MainThread]: Sending event: {'category': 'dbt', 'action': 'invocation', 'label': 'start', 'context': [<snowplow_tracker.self_describing_json.SelfDescribingJson object at 0x10440ed10>, <snowplow_tracker.self_describing_json.SelfDescribingJson object at 0x105d516f0>, <snowplow_tracker.self_describing_json.SelfDescribingJson object at 0x105d512a0>]}


============================== 12:54:34.771016 | c7890bf1-9315-4259-816e-d5baca3104c0 ==============================
[0m12:54:34.771016 [info ] [MainThread]: Running with dbt=1.8.6
[0m12:54:34.771343 [debug] [MainThread]: running dbt with arguments {'printer_width': '80', 'indirect_selection': 'eager', 'write_json': 'True', 'log_cache_events': 'False', 'partial_parse': 'True', 'cache_selected_only': 'False', 'warn_error': 'None', 'fail_fast': 'False', 'profiles_dir': '/Users/esoonko/.dbt', 'log_path': 'logs', 'debug': 'False', 'version_check': 'True', 'use_colors': 'True', 'use_experimental_parser': 'False', 'empty': 'False', 'quiet': 'False', 'no_print': 'None', 'log_format': 'default', 'introspect': 'True', 'static_parser': 'True', 'invocation_command': 'dbt run', 'target_path': 'None', 'warn_error_options': 'WarnErrorOptions(include=[], exclude=[])', 'send_anonymous_usage_stats': 'True'}
[0m12:54:34.771665 [error] [MainThread]: Encountered an error:
Runtime Error
  No dbt_project.yml found at expected path /Users/esoonko/Code/DEAI23/Data-engineering-AI23/lectures/code/Lecture16/dbt/dbt_project.yml
  Verify that each entry within packages.yml (and their transitive dependencies) contains a file named dbt_project.yml
  
[0m12:54:34.773213 [debug] [MainThread]: Resource report: {"command_name": "run", "command_wall_clock_time": 0.04537746, "process_user_time": 0.620773, "process_kernel_time": 0.101749, "process_mem_max_rss": "95354880", "command_success": false, "process_in_blocks": "0", "process_out_blocks": "0"}
[0m12:54:34.773568 [debug] [MainThread]: Command `dbt run` failed at 12:54:34.773516 after 0.05 seconds
[0m12:54:34.773765 [debug] [MainThread]: Sending event: {'category': 'dbt', 'action': 'invocation', 'label': 'end', 'context': [<snowplow_tracker.self_describing_json.SelfDescribingJson object at 0x10440ed10>, <snowplow_tracker.self_describing_json.SelfDescribingJson object at 0x105d502e0>, <snowplow_tracker.self_describing_json.SelfDescribingJson object at 0x105d501c0>]}
[0m12:54:34.773973 [debug] [MainThread]: Flushing usage events
